<?xml version="1.0" encoding="UTF-8"?>
<testsuite name="agh.ics.oop.model.Vector2dTest" tests="10" skipped="0" failures="0" errors="0" timestamp="2024-11-07T02:07:07" hostname="DESKTOP-RFOQRB3" time="0.014">
  <properties/>
  <testcase name="equalsSameVectors()" classname="agh.ics.oop.model.Vector2dTest" time="0.001"/>
  <testcase name="testAdd()" classname="agh.ics.oop.model.Vector2dTest" time="0.0"/>
  <testcase name="testSubtract()" classname="agh.ics.oop.model.Vector2dTest" time="0.0"/>
  <testcase name="testFollows()" classname="agh.ics.oop.model.Vector2dTest" time="0.001"/>
  <testcase name="testToString()" classname="agh.ics.oop.model.Vector2dTest" time="0.001"/>
  <testcase name="testPrecedes()" classname="agh.ics.oop.model.Vector2dTest" time="0.001"/>
  <testcase name="testLowerLeft()" classname="agh.ics.oop.model.Vector2dTest" time="0.0"/>
  <testcase name="testOpposite()" classname="agh.ics.oop.model.Vector2dTest" time="0.0"/>
  <testcase name="equalsDifferentVectors()" classname="agh.ics.oop.model.Vector2dTest" time="0.001"/>
  <testcase name="testUpperRight()" classname="agh.ics.oop.model.Vector2dTest" time="0.001"/>
  <system-out><![CDATA[]]></system-out>
  <system-err><![CDATA[]]></system-err>
</testsuite>
