<?xml version="1.0" encoding="UTF-8"?>
<testsuite name="agh.ics.oop.model.AnimalTest" tests="10" skipped="0" failures="0" errors="0" timestamp="2024-11-07T02:07:07" hostname="DESKTOP-RFOQRB3" time="0.037">
  <properties/>
  <testcase name="moveForwardWithinBounds()" classname="agh.ics.oop.model.AnimalTest" time="0.021"/>
  <testcase name="customInitialPosition()" classname="agh.ics.oop.model.AnimalTest" time="0.001"/>
  <testcase name="moveOutsideBounds()" classname="agh.ics.oop.model.AnimalTest" time="0.001"/>
  <testcase name="moveBackwardWithinBounds()" classname="agh.ics.oop.model.AnimalTest" time="0.0"/>
  <testcase name="turnRight()" classname="agh.ics.oop.model.AnimalTest" time="0.001"/>
  <testcase name="isAt()" classname="agh.ics.oop.model.AnimalTest" time="0.001"/>
  <testcase name="turnLeft()" classname="agh.ics.oop.model.AnimalTest" time="0.001"/>
  <testcase name="moveForwardToMapBoundary()" classname="agh.ics.oop.model.AnimalTest" time="0.001"/>
  <testcase name="complexMovement()" classname="agh.ics.oop.model.AnimalTest" time="0.002"/>
  <testcase name="initialOrientationAndPosition()" classname="agh.ics.oop.model.AnimalTest" time="0.001"/>
  <system-out><![CDATA[]]></system-out>
  <system-err><![CDATA[]]></system-err>
</testsuite>
